# JRE version: OpenJDK Runtime Environment (8.0_76-b03) (build 1.8.0_76-release-b03)
# Java VM: OpenJDK 64-Bit Server VM (25.76-b03 mixed mode windows-amd64 compressed oops)
Heap:
 PSYoungGen      total 450048K, used 12122K [0x00000000e0000000, 0x0000000100000000, 0x0000000100000000)
  eden space 372736K, 3% used [0x00000000e0000000,0x00000000e0bd6a98,0x00000000f6c00000)
  from space 77312K, 0% used [0x00000000fb480000,0x00000000fb480000,0x0000000100000000)
  to   space 74240K, 0% used [0x00000000f6c00000,0x00000000f6c00000,0x00000000fb480000)
 ParOldGen       total 183808K, used 42128K [0x00000000a0000000, 0x00000000ab380000, 0x00000000e0000000)
  object space 183808K, 22% used [0x00000000a0000000,0x00000000a2924208,0x00000000ab380000)
 Metaspace       used 69853K, capacity 72186K, committed 74672K, reserved 1114112K
  class space    used 8848K, capacity 9224K, committed 9904K, reserved 1048576K
GC Heap History (10 events):
Event: 2251.203 GC heap before
{Heap before GC invocations=30 (full 5):
 PSYoungGen      total 302080K, used 248320K [0x00000000e0000000, 0x00000000f8800000, 0x0000000100000000)
  eden space 248320K, 100% used [0x00000000e0000000,0x00000000ef280000,0x00000000ef280000)
  from space 53760K, 0% used [0x00000000f3480000,0x00000000f3480000,0x00000000f6900000)
  to   space 67584K, 0% used [0x00000000ef280000,0x00000000ef280000,0x00000000f3480000)
 ParOldGen       total 183808K, used 78939K [0x00000000a0000000, 0x00000000ab380000, 0x00000000e0000000)
  object space 183808K, 42% used [0x00000000a0000000,0x00000000a4d16ff8,0x00000000ab380000)
 Metaspace       used 68461K, capacity 70756K, committed 74672K, reserved 1114112K
  class space    used 8660K, capacity 9019K, committed 9904K, reserved 1048576K
Event: 2251.238 GC heap after
Heap after GC invocations=30 (full 5):
 PSYoungGen      total 315904K, used 38067K [0x00000000e0000000, 0x00000000fc700000, 0x0000000100000000)
  eden space 248320K, 0% used [0x00000000e0000000,0x00000000e0000000,0x00000000ef280000)
  from space 67584K, 56% used [0x00000000ef280000,0x00000000f17ace10,0x00000000f3480000)
  to   space 68096K, 0% used [0x00000000f8480000,0x00000000f8480000,0x00000000fc700000)
 ParOldGen       total 183808K, used 78947K [0x00000000a0000000, 0x00000000ab380000, 0x00000000e0000000)
  object space 183808K, 42% used [0x00000000a0000000,0x00000000a4d18ff8,0x00000000ab380000)
 Metaspace       used 68461K, capacity 70756K, committed 74672K, reserved 1114112K
  class space    used 8660K, capacity 9019K, committed 9904K, reserved 1048576K
}
Event: 2251.705 GC heap before
{Heap before GC invocations=31 (full 5):
 PSYoungGen      total 315904K, used 286387K [0x00000000e0000000, 0x00000000fc700000, 0x0000000100000000)
  eden space 248320K, 100% used [0x00000000e0000000,0x00000000ef280000,0x00000000ef280000)
  from space 67584K, 56% used [0x00000000ef280000,0x00000000f17ace10,0x00000000f3480000)
  to   space 68096K, 0% used [0x00000000f8480000,0x00000000f8480000,0x00000000fc700000)
 ParOldGen       total 183808K, used 78947K [0x00000000a0000000, 0x00000000ab380000, 0x00000000e0000000)
  object space 183808K, 42% used [0x00000000a0000000,0x00000000a4d18ff8,0x00000000ab380000)
 Metaspace       used 68470K, capacity 70756K, committed 74672K, reserved 1114112K
  class space    used 8660K, capacity 9019K, committed 9904K, reserved 1048576K
Event: 2251.760 GC heap after
Heap after GC invocations=31 (full 5):
 PSYoungGen      total 391680K, used 55755K [0x00000000e0000000, 0x00000000fd600000, 0x0000000100000000)
  eden space 323584K, 0% used [0x00000000e0000000,0x00000000e0000000,0x00000000f3c00000)
  from space 68096K, 81% used [0x00000000f8480000,0x00000000fbaf2c40,0x00000000fc700000)
  to   space 74240K, 0% used [0x00000000f3c00000,0x00000000f3c00000,0x00000000f8480000)
 ParOldGen       total 183808K, used 78955K [0x00000000a0000000, 0x00000000ab380000, 0x00000000e0000000)
  object space 183808K, 42% used [0x00000000a0000000,0x00000000a4d1aff8,0x00000000ab380000)
 Metaspace       used 68470K, capacity 70756K, committed 74672K, reserved 1114112K
  class space    used 8660K, capacity 9019K, committed 9904K, reserved 1048576K
}
Event: 2254.302 GC heap before
{Heap before GC invocations=32 (full 5):
 PSYoungGen      total 391680K, used 378647K [0x00000000e0000000, 0x00000000fd600000, 0x0000000100000000)
  eden space 323584K, 99% used [0x00000000e0000000,0x00000000f3b53260,0x00000000f3c00000)
  from space 68096K, 81% used [0x00000000f8480000,0x00000000fbaf2c40,0x00000000fc700000)
  to   space 74240K, 0% used [0x00000000f3c00000,0x00000000f3c00000,0x00000000f8480000)
 ParOldGen       total 183808K, used 78955K [0x00000000a0000000, 0x00000000ab380000, 0x00000000e0000000)
  object space 183808K, 42% used [0x00000000a0000000,0x00000000a4d1aff8,0x00000000ab380000)
 Metaspace       used 68833K, capacity 71052K, committed 74672K, reserved 1114112K
  class space    used 8697K, capacity 9029K, committed 9904K, reserved 1048576K
Event: 2254.342 GC heap after
Heap after GC invocations=32 (full 5):
 PSYoungGen      total 397824K, used 50847K [0x00000000e0000000, 0x0000000100000000, 0x0000000100000000)
  eden space 323584K, 0% used [0x00000000e0000000,0x00000000e0000000,0x00000000f3c00000)
  from space 74240K, 68% used [0x00000000f3c00000,0x00000000f6da7dd8,0x00000000f8480000)
  to   space 77312K, 0% used [0x00000000fb480000,0x00000000fb480000,0x0000000100000000)
 ParOldGen       total 183808K, used 78963K [0x00000000a0000000, 0x00000000ab380000, 0x00000000e0000000)
  object space 183808K, 42% used [0x00000000a0000000,0x00000000a4d1cff8,0x00000000ab380000)
 Metaspace       used 68833K, capacity 71052K, committed 74672K, reserved 1114112K
  class space    used 8697K, capacity 9029K, committed 9904K, reserved 1048576K
}
Event: 2254.721 GC heap before
{Heap before GC invocations=33 (full 5):
 PSYoungGen      total 397824K, used 314328K [0x00000000e0000000, 0x0000000100000000, 0x0000000100000000)
  eden space 323584K, 81% used [0x00000000e0000000,0x00000000f014e298,0x00000000f3c00000)
  from space 74240K, 68% used [0x00000000f3c00000,0x00000000f6da7dd8,0x00000000f8480000)
  to   space 77312K, 0% used [0x00000000fb480000,0x00000000fb480000,0x0000000100000000)
 ParOldGen       total 183808K, used 78963K [0x00000000a0000000, 0x00000000ab380000, 0x00000000e0000000)
  object space 183808K, 42% used [0x00000000a0000000,0x00000000a4d1cff8,0x00000000ab380000)
 Metaspace       used 69700K, capacity 71930K, committed 74672K, reserved 1114112K
  class space    used 8829K, capacity 9190K, committed 9904K, reserved 1048576K
Event: 2254.747 GC heap after
Heap after GC invocations=33 (full 5):
 PSYoungGen      total 450048K, used 35408K [0x00000000e0000000, 0x0000000100000000, 0x0000000100000000)
  eden space 372736K, 0% used [0x00000000e0000000,0x00000000e0000000,0x00000000f6c00000)
  from space 77312K, 45% used [0x00000000fb480000,0x00000000fd714108,0x0000000100000000)
  to   space 74240K, 0% used [0x00000000f6c00000,0x00000000f6c00000,0x00000000fb480000)
 ParOldGen       total 183808K, used 78971K [0x00000000a0000000, 0x00000000ab380000, 0x00000000e0000000)
  object space 183808K, 42% used [0x00000000a0000000,0x00000000a4d1eff8,0x00000000ab380000)
 Metaspace       used 69700K, capacity 71930K, committed 74672K, reserved 1114112K
  class space    used 8829K, capacity 9190K, committed 9904K, reserved 1048576K
}
Event: 2254.748 GC heap before
{Heap before GC invocations=34 (full 6):
 PSYoungGen      total 450048K, used 35408K [0x00000000e0000000, 0x0000000100000000, 0x0000000100000000)
  eden space 372736K, 0% used [0x00000000e0000000,0x00000000e0000000,0x00000000f6c00000)
  from space 77312K, 45% used [0x00000000fb480000,0x00000000fd714108,0x0000000100000000)
  to   space 74240K, 0% used [0x00000000f6c00000,0x00000000f6c00000,0x00000000fb480000)
 ParOldGen       total 183808K, used 78971K [0x00000000a0000000, 0x00000000ab380000, 0x00000000e0000000)
  object space 183808K, 42% used [0x00000000a0000000,0x00000000a4d1eff8,0x00000000ab380000)
 Metaspace       used 69700K, capacity 71930K, committed 74672K, reserved 1114112K
  class space    used 8829K, capacity 9190K, committed 9904K, reserved 1048576K
Event: 2254.957 GC heap after
Heap after GC invocations=34 (full 6):
 PSYoungGen      total 450048K, used 0K [0x00000000e0000000, 0x0000000100000000, 0x0000000100000000)
  eden space 372736K, 0% used [0x00000000e0000000,0x00000000e0000000,0x00000000f6c00000)
  from space 77312K, 0% used [0x00000000fb480000,0x00000000fb480000,0x0000000100000000)
  to   space 74240K, 0% used [0x00000000f6c00000,0x00000000f6c00000,0x00000000fb480000)
 ParOldGen       total 183808K, used 42128K [0x00000000a0000000, 0x00000000ab380000, 0x00000000e0000000)
  object space 183808K, 22% used [0x00000000a0000000,0x00000000a2924208,0x00000000ab380000)
 Metaspace       used 69692K, capacity 71912K, committed 74672K, reserved 1114112K
  class space    used 8827K, capacity 9187K, committed 9904K, reserved 1048576K
}

